<?xml version="1.0" encoding="UTF-8"?>
<testng-results ignored="0" total="5" passed="1" failed="4" skipped="0">
  <reporter-output>
  </reporter-output>
  <suite started-at="2024-07-31T20:37:54 EDT" name="Suite" finished-at="2024-07-31T20:37:54 EDT" duration-ms="165">
    <groups>
    </groups>
    <test started-at="2024-07-31T20:37:54 EDT" name="Test Compare Column Header Count" finished-at="2024-07-31T20:37:54 EDT" duration-ms="63">
      <class name="Tests.CompareColumnHeaderCount">
        <test-method is-config="true" signature="setup(org.testng.ITestContext)[pri:0, instance:Tests.CompareColumnHeaderCount@32ee6fee]" started-at="2024-07-31T20:37:54 EDT" name="setup" finished-at="2024-07-31T20:37:54 EDT" duration-ms="8" status="PASS">
          <params>
            <param index="0">
              <value>
                <![CDATA[org.testng.TestRunner@33d05366]]>
              </value>
            </param>
          </params>
          <reporter-output>
          </reporter-output>
        </test-method> <!-- setup -->
        <test-method signature="CompareColumnHeaderCountTest()[pri:0, instance:Tests.CompareColumnHeaderCount@32ee6fee]" started-at="2024-07-31T20:37:54 EDT" name="CompareColumnHeaderCountTest" finished-at="2024-07-31T20:37:54 EDT" duration-ms="21" status="PASS">
          <reporter-output>
          </reporter-output>
        </test-method> <!-- CompareColumnHeaderCountTest -->
        <test-method is-config="true" signature="checkStatus(org.testng.ITestResult)[pri:0, instance:Tests.CompareColumnHeaderCount@32ee6fee]" started-at="2024-07-31T20:37:54 EDT" name="checkStatus" finished-at="2024-07-31T20:37:54 EDT" duration-ms="1" status="PASS">
          <params>
            <param index="0">
              <value>
                <![CDATA[[TestResult name=CompareColumnHeaderCountTest status=SUCCESS method=CompareColumnHeaderCount.CompareColumnHeaderCountTest()[pri:0, instance:Tests.CompareColumnHeaderCount@32ee6fee] output={null}]]]>
              </value>
            </param>
          </params>
          <reporter-output>
          </reporter-output>
        </test-method> <!-- checkStatus -->
      </class> <!-- Tests.CompareColumnHeaderCount -->
    </test> <!-- Test Compare Column Header Count -->
    <test started-at="2024-07-31T20:37:54 EDT" name="Test Compare Column Header Name" finished-at="2024-07-31T20:37:54 EDT" duration-ms="14">
      <class name="Tests.CompareColumnHeaderName">
        <test-method is-config="true" signature="setup(org.testng.ITestContext)[pri:0, instance:Tests.CompareColumnHeaderName@593aaf41]" started-at="2024-07-31T20:37:54 EDT" name="setup" finished-at="2024-07-31T20:37:54 EDT" duration-ms="1" status="PASS">
          <params>
            <param index="0">
              <value>
                <![CDATA[org.testng.TestRunner@27a0a5a2]]>
              </value>
            </param>
          </params>
          <reporter-output>
          </reporter-output>
        </test-method> <!-- setup -->
        <test-method signature="CompareColumnsHeaderNameTest()[pri:0, instance:Tests.CompareColumnHeaderName@593aaf41]" started-at="2024-07-31T20:37:54 EDT" name="CompareColumnsHeaderNameTest" finished-at="2024-07-31T20:37:54 EDT" duration-ms="3" status="FAIL">
          <exception class="java.lang.AssertionError">
            <message>
              <![CDATA[Found 1 ColumnHeader(s) name(s) not matching expected [true] but found [false]]]>
            </message>
            <full-stacktrace>
              <![CDATA[java.lang.AssertionError: Found 1 ColumnHeader(s) name(s) not matching expected [true] but found [false]
at org.testng.Assert.fail(Assert.java:99)
at org.testng.Assert.failNotEquals(Assert.java:1037)
at org.testng.Assert.assertTrue(Assert.java:45)
at Tests.CompareColumnHeaderName.CompareColumnsHeaderNameTest(CompareColumnHeaderName.java:75)
at java.base/jdk.internal.reflect.NativeMethodAccessorImpl.invoke0(Native Method)
at java.base/jdk.internal.reflect.NativeMethodAccessorImpl.invoke(NativeMethodAccessorImpl.java:77)
at java.base/jdk.internal.reflect.DelegatingMethodAccessorImpl.invoke(DelegatingMethodAccessorImpl.java:43)
at java.base/java.lang.reflect.Method.invoke(Method.java:568)
at org.testng.internal.MethodInvocationHelper.invokeMethod(MethodInvocationHelper.java:133)
at org.testng.internal.TestInvoker.invokeMethod(TestInvoker.java:598)
at org.testng.internal.TestInvoker.invokeTestMethod(TestInvoker.java:173)
at org.testng.internal.MethodRunner.runInSequence(MethodRunner.java:46)
at org.testng.internal.TestInvoker$MethodInvocationAgent.invoke(TestInvoker.java:824)
at org.testng.internal.TestInvoker.invokeTestMethods(TestInvoker.java:146)
at org.testng.internal.TestMethodWorker.invokeTestMethods(TestMethodWorker.java:146)
at org.testng.internal.TestMethodWorker.run(TestMethodWorker.java:128)
at java.base/java.util.ArrayList.forEach(ArrayList.java:1511)
at org.testng.TestRunner.privateRun(TestRunner.java:794)
at org.testng.TestRunner.run(TestRunner.java:596)
at org.testng.SuiteRunner.runTest(SuiteRunner.java:377)
at org.testng.SuiteRunner.runSequentially(SuiteRunner.java:371)
at org.testng.SuiteRunner.privateRun(SuiteRunner.java:332)
at org.testng.SuiteRunner.run(SuiteRunner.java:276)
at org.testng.SuiteRunnerWorker.runSuite(SuiteRunnerWorker.java:53)
at org.testng.SuiteRunnerWorker.run(SuiteRunnerWorker.java:96)
at org.testng.TestNG.runSuitesSequentially(TestNG.java:1212)
at org.testng.TestNG.runSuitesLocally(TestNG.java:1134)
at org.testng.TestNG.runSuites(TestNG.java:1063)
at org.testng.TestNG.run(TestNG.java:1031)
at org.testng.remote.AbstractRemoteTestNG.run(AbstractRemoteTestNG.java:115)
at org.testng.remote.RemoteTestNG.initAndRun(RemoteTestNG.java:251)
at org.testng.remote.RemoteTestNG.main(RemoteTestNG.java:77)
]]>
            </full-stacktrace>
          </exception> <!-- java.lang.AssertionError -->
          <reporter-output>
          </reporter-output>
        </test-method> <!-- CompareColumnsHeaderNameTest -->
        <test-method is-config="true" signature="checkStatus(org.testng.ITestResult)[pri:0, instance:Tests.CompareColumnHeaderName@593aaf41]" started-at="2024-07-31T20:37:54 EDT" name="checkStatus" finished-at="2024-07-31T20:37:54 EDT" duration-ms="6" status="PASS">
          <params>
            <param index="0">
              <value>
                <![CDATA[[TestResult name=CompareColumnsHeaderNameTest status=FAILURE method=CompareColumnHeaderName.CompareColumnsHeaderNameTest()[pri:0, instance:Tests.CompareColumnHeaderName@593aaf41] output={null}]]]>
              </value>
            </param>
          </params>
          <reporter-output>
          </reporter-output>
        </test-method> <!-- checkStatus -->
      </class> <!-- Tests.CompareColumnHeaderName -->
    </test> <!-- Test Compare Column Header Name -->
    <test started-at="2024-07-31T20:37:54 EDT" name="Test Compare File Size" finished-at="2024-07-31T20:37:54 EDT" duration-ms="7">
      <class name="Tests.CompareFileSize">
        <test-method is-config="true" signature="setup(org.testng.ITestContext)[pri:0, instance:Tests.CompareFileSize@6e0f5f7f]" started-at="2024-07-31T20:37:54 EDT" name="setup" finished-at="2024-07-31T20:37:54 EDT" duration-ms="1" status="PASS">
          <params>
            <param index="0">
              <value>
                <![CDATA[org.testng.TestRunner@7692cd34]]>
              </value>
            </param>
          </params>
          <reporter-output>
          </reporter-output>
        </test-method> <!-- setup -->
        <test-method signature="CompareFileSizeTest()[pri:0, instance:Tests.CompareFileSize@6e0f5f7f]" started-at="2024-07-31T20:37:54 EDT" name="CompareFileSizeTest" finished-at="2024-07-31T20:37:54 EDT" duration-ms="2" status="FAIL">
          <exception class="java.lang.AssertionError">
            <message>
              <![CDATA[TEST FAILED: File Sizes does not match. File1.csv size in bytes: 1684 bytes. File2.csv size in bytes: 1703 bytes. expected [true] but found [false]]]>
            </message>
            <full-stacktrace>
              <![CDATA[java.lang.AssertionError: TEST FAILED: File Sizes does not match. File1.csv size in bytes: 1684 bytes. File2.csv size in bytes: 1703 bytes. expected [true] but found [false]
at org.testng.Assert.fail(Assert.java:99)
at org.testng.Assert.failNotEquals(Assert.java:1037)
at org.testng.Assert.assertTrue(Assert.java:45)
at Tests.CompareFileSize.CompareFileSizeTest(CompareFileSize.java:32)
at java.base/jdk.internal.reflect.NativeMethodAccessorImpl.invoke0(Native Method)
at java.base/jdk.internal.reflect.NativeMethodAccessorImpl.invoke(NativeMethodAccessorImpl.java:77)
at java.base/jdk.internal.reflect.DelegatingMethodAccessorImpl.invoke(DelegatingMethodAccessorImpl.java:43)
at java.base/java.lang.reflect.Method.invoke(Method.java:568)
at org.testng.internal.MethodInvocationHelper.invokeMethod(MethodInvocationHelper.java:133)
at org.testng.internal.TestInvoker.invokeMethod(TestInvoker.java:598)
at org.testng.internal.TestInvoker.invokeTestMethod(TestInvoker.java:173)
at org.testng.internal.MethodRunner.runInSequence(MethodRunner.java:46)
at org.testng.internal.TestInvoker$MethodInvocationAgent.invoke(TestInvoker.java:824)
at org.testng.internal.TestInvoker.invokeTestMethods(TestInvoker.java:146)
at org.testng.internal.TestMethodWorker.invokeTestMethods(TestMethodWorker.java:146)
at org.testng.internal.TestMethodWorker.run(TestMethodWorker.java:128)
at java.base/java.util.ArrayList.forEach(ArrayList.java:1511)
at org.testng.TestRunner.privateRun(TestRunner.java:794)
at org.testng.TestRunner.run(TestRunner.java:596)
at org.testng.SuiteRunner.runTest(SuiteRunner.java:377)
at org.testng.SuiteRunner.runSequentially(SuiteRunner.java:371)
at org.testng.SuiteRunner.privateRun(SuiteRunner.java:332)
at org.testng.SuiteRunner.run(SuiteRunner.java:276)
at org.testng.SuiteRunnerWorker.runSuite(SuiteRunnerWorker.java:53)
at org.testng.SuiteRunnerWorker.run(SuiteRunnerWorker.java:96)
at org.testng.TestNG.runSuitesSequentially(TestNG.java:1212)
at org.testng.TestNG.runSuitesLocally(TestNG.java:1134)
at org.testng.TestNG.runSuites(TestNG.java:1063)
at org.testng.TestNG.run(TestNG.java:1031)
at org.testng.remote.AbstractRemoteTestNG.run(AbstractRemoteTestNG.java:115)
at org.testng.remote.RemoteTestNG.initAndRun(RemoteTestNG.java:251)
at org.testng.remote.RemoteTestNG.main(RemoteTestNG.java:77)
]]>
            </full-stacktrace>
          </exception> <!-- java.lang.AssertionError -->
          <reporter-output>
          </reporter-output>
        </test-method> <!-- CompareFileSizeTest -->
        <test-method is-config="true" signature="checkStatus(org.testng.ITestResult)[pri:0, instance:Tests.CompareFileSize@6e0f5f7f]" started-at="2024-07-31T20:37:54 EDT" name="checkStatus" finished-at="2024-07-31T20:37:54 EDT" duration-ms="2" status="PASS">
          <params>
            <param index="0">
              <value>
                <![CDATA[[TestResult name=CompareFileSizeTest status=FAILURE method=CompareFileSize.CompareFileSizeTest()[pri:0, instance:Tests.CompareFileSize@6e0f5f7f] output={null}]]]>
              </value>
            </param>
          </params>
          <reporter-output>
          </reporter-output>
        </test-method> <!-- checkStatus -->
      </class> <!-- Tests.CompareFileSize -->
    </test> <!-- Test Compare File Size -->
    <test started-at="2024-07-31T20:37:54 EDT" name="Test Compare Row Count" finished-at="2024-07-31T20:37:54 EDT" duration-ms="10">
      <class name="Tests.CompareRowCount">
        <test-method is-config="true" signature="setup(org.testng.ITestContext)[pri:0, instance:Tests.CompareRowCount@17497425]" started-at="2024-07-31T20:37:54 EDT" name="setup" finished-at="2024-07-31T20:37:54 EDT" duration-ms="1" status="PASS">
          <params>
            <param index="0">
              <value>
                <![CDATA[org.testng.TestRunner@33aa93c]]>
              </value>
            </param>
          </params>
          <reporter-output>
          </reporter-output>
        </test-method> <!-- setup -->
        <test-method signature="CompareRowCountTest()[pri:0, instance:Tests.CompareRowCount@17497425]" started-at="2024-07-31T20:37:54 EDT" name="CompareRowCountTest" finished-at="2024-07-31T20:37:54 EDT" duration-ms="4" status="FAIL">
          <exception class="java.lang.AssertionError">
            <message>
              <![CDATA[TEST FAILED: Number of Row does not match. File1.csv total rows count: 21. File2.csv total rows count: 22. expected [true] but found [false]]]>
            </message>
            <full-stacktrace>
              <![CDATA[java.lang.AssertionError: TEST FAILED: Number of Row does not match. File1.csv total rows count: 21. File2.csv total rows count: 22. expected [true] but found [false]
at org.testng.Assert.fail(Assert.java:99)
at org.testng.Assert.failNotEquals(Assert.java:1037)
at org.testng.Assert.assertTrue(Assert.java:45)
at Tests.CompareRowCount.CompareRowCountTest(CompareRowCount.java:46)
at java.base/jdk.internal.reflect.NativeMethodAccessorImpl.invoke0(Native Method)
at java.base/jdk.internal.reflect.NativeMethodAccessorImpl.invoke(NativeMethodAccessorImpl.java:77)
at java.base/jdk.internal.reflect.DelegatingMethodAccessorImpl.invoke(DelegatingMethodAccessorImpl.java:43)
at java.base/java.lang.reflect.Method.invoke(Method.java:568)
at org.testng.internal.MethodInvocationHelper.invokeMethod(MethodInvocationHelper.java:133)
at org.testng.internal.TestInvoker.invokeMethod(TestInvoker.java:598)
at org.testng.internal.TestInvoker.invokeTestMethod(TestInvoker.java:173)
at org.testng.internal.MethodRunner.runInSequence(MethodRunner.java:46)
at org.testng.internal.TestInvoker$MethodInvocationAgent.invoke(TestInvoker.java:824)
at org.testng.internal.TestInvoker.invokeTestMethods(TestInvoker.java:146)
at org.testng.internal.TestMethodWorker.invokeTestMethods(TestMethodWorker.java:146)
at org.testng.internal.TestMethodWorker.run(TestMethodWorker.java:128)
at java.base/java.util.ArrayList.forEach(ArrayList.java:1511)
at org.testng.TestRunner.privateRun(TestRunner.java:794)
at org.testng.TestRunner.run(TestRunner.java:596)
at org.testng.SuiteRunner.runTest(SuiteRunner.java:377)
at org.testng.SuiteRunner.runSequentially(SuiteRunner.java:371)
at org.testng.SuiteRunner.privateRun(SuiteRunner.java:332)
at org.testng.SuiteRunner.run(SuiteRunner.java:276)
at org.testng.SuiteRunnerWorker.runSuite(SuiteRunnerWorker.java:53)
at org.testng.SuiteRunnerWorker.run(SuiteRunnerWorker.java:96)
at org.testng.TestNG.runSuitesSequentially(TestNG.java:1212)
at org.testng.TestNG.runSuitesLocally(TestNG.java:1134)
at org.testng.TestNG.runSuites(TestNG.java:1063)
at org.testng.TestNG.run(TestNG.java:1031)
at org.testng.remote.AbstractRemoteTestNG.run(AbstractRemoteTestNG.java:115)
at org.testng.remote.RemoteTestNG.initAndRun(RemoteTestNG.java:251)
at org.testng.remote.RemoteTestNG.main(RemoteTestNG.java:77)
]]>
            </full-stacktrace>
          </exception> <!-- java.lang.AssertionError -->
          <reporter-output>
          </reporter-output>
        </test-method> <!-- CompareRowCountTest -->
        <test-method is-config="true" signature="checkStatus(org.testng.ITestResult)[pri:0, instance:Tests.CompareRowCount@17497425]" started-at="2024-07-31T20:37:54 EDT" name="checkStatus" finished-at="2024-07-31T20:37:54 EDT" duration-ms="1" status="PASS">
          <params>
            <param index="0">
              <value>
                <![CDATA[[TestResult name=CompareRowCountTest status=FAILURE method=CompareRowCount.CompareRowCountTest()[pri:0, instance:Tests.CompareRowCount@17497425] output={null}]]]>
              </value>
            </param>
          </params>
          <reporter-output>
          </reporter-output>
        </test-method> <!-- checkStatus -->
      </class> <!-- Tests.CompareRowCount -->
    </test> <!-- Test Compare Row Count -->
    <test started-at="2024-07-31T20:37:54 EDT" name="Test Compare Row Data" finished-at="2024-07-31T20:37:54 EDT" duration-ms="7">
      <class name="Tests.CompareRowData">
        <test-method is-config="true" signature="initialiseExtentReports()[pri:0, instance:Tests.CompareRowData@3e11f9e9]" started-at="2024-07-31T20:37:54 EDT" name="initialiseExtentReports" finished-at="2024-07-31T20:37:54 EDT" duration-ms="331" status="PASS">
          <reporter-output>
          </reporter-output>
        </test-method> <!-- initialiseExtentReports -->
        <test-method is-config="true" signature="setup(org.testng.ITestContext)[pri:0, instance:Tests.CompareRowData@3e11f9e9]" started-at="2024-07-31T20:37:54 EDT" name="setup" finished-at="2024-07-31T20:37:54 EDT" duration-ms="1" status="PASS">
          <params>
            <param index="0">
              <value>
                <![CDATA[org.testng.TestRunner@32c0915e]]>
              </value>
            </param>
          </params>
          <reporter-output>
          </reporter-output>
        </test-method> <!-- setup -->
        <test-method signature="CompareColumnsHeaderName()[pri:0, instance:Tests.CompareRowData@3e11f9e9]" started-at="2024-07-31T20:37:54 EDT" name="CompareColumnsHeaderName" finished-at="2024-07-31T20:37:54 EDT" duration-ms="3" status="FAIL">
          <exception class="java.lang.AssertionError">
            <message>
              <![CDATA[Found 4 rows not matching between both files. expected [true] but found [false]]]>
            </message>
            <full-stacktrace>
              <![CDATA[java.lang.AssertionError: Found 4 rows not matching between both files. expected [true] but found [false]
at org.testng.Assert.fail(Assert.java:99)
at org.testng.Assert.failNotEquals(Assert.java:1037)
at org.testng.Assert.assertTrue(Assert.java:45)
at Tests.CompareRowData.CompareColumnsHeaderName(CompareRowData.java:98)
at java.base/jdk.internal.reflect.NativeMethodAccessorImpl.invoke0(Native Method)
at java.base/jdk.internal.reflect.NativeMethodAccessorImpl.invoke(NativeMethodAccessorImpl.java:77)
at java.base/jdk.internal.reflect.DelegatingMethodAccessorImpl.invoke(DelegatingMethodAccessorImpl.java:43)
at java.base/java.lang.reflect.Method.invoke(Method.java:568)
at org.testng.internal.MethodInvocationHelper.invokeMethod(MethodInvocationHelper.java:133)
at org.testng.internal.TestInvoker.invokeMethod(TestInvoker.java:598)
at org.testng.internal.TestInvoker.invokeTestMethod(TestInvoker.java:173)
at org.testng.internal.MethodRunner.runInSequence(MethodRunner.java:46)
at org.testng.internal.TestInvoker$MethodInvocationAgent.invoke(TestInvoker.java:824)
at org.testng.internal.TestInvoker.invokeTestMethods(TestInvoker.java:146)
at org.testng.internal.TestMethodWorker.invokeTestMethods(TestMethodWorker.java:146)
at org.testng.internal.TestMethodWorker.run(TestMethodWorker.java:128)
at java.base/java.util.ArrayList.forEach(ArrayList.java:1511)
at org.testng.TestRunner.privateRun(TestRunner.java:794)
at org.testng.TestRunner.run(TestRunner.java:596)
at org.testng.SuiteRunner.runTest(SuiteRunner.java:377)
at org.testng.SuiteRunner.runSequentially(SuiteRunner.java:371)
at org.testng.SuiteRunner.privateRun(SuiteRunner.java:332)
at org.testng.SuiteRunner.run(SuiteRunner.java:276)
at org.testng.SuiteRunnerWorker.runSuite(SuiteRunnerWorker.java:53)
at org.testng.SuiteRunnerWorker.run(SuiteRunnerWorker.java:96)
at org.testng.TestNG.runSuitesSequentially(TestNG.java:1212)
at org.testng.TestNG.runSuitesLocally(TestNG.java:1134)
at org.testng.TestNG.runSuites(TestNG.java:1063)
at org.testng.TestNG.run(TestNG.java:1031)
at org.testng.remote.AbstractRemoteTestNG.run(AbstractRemoteTestNG.java:115)
at org.testng.remote.RemoteTestNG.initAndRun(RemoteTestNG.java:251)
at org.testng.remote.RemoteTestNG.main(RemoteTestNG.java:77)
]]>
            </full-stacktrace>
          </exception> <!-- java.lang.AssertionError -->
          <reporter-output>
          </reporter-output>
        </test-method> <!-- CompareColumnsHeaderName -->
        <test-method is-config="true" signature="checkStatus(org.testng.ITestResult)[pri:0, instance:Tests.CompareRowData@3e11f9e9]" started-at="2024-07-31T20:37:54 EDT" name="checkStatus" finished-at="2024-07-31T20:37:54 EDT" duration-ms="0" status="PASS">
          <params>
            <param index="0">
              <value>
                <![CDATA[[TestResult name=CompareColumnsHeaderName status=FAILURE method=CompareRowData.CompareColumnsHeaderName()[pri:0, instance:Tests.CompareRowData@3e11f9e9] output={null}]]]>
              </value>
            </param>
          </params>
          <reporter-output>
          </reporter-output>
        </test-method> <!-- checkStatus -->
        <test-method is-config="true" signature="generateExtentReports()[pri:0, instance:Tests.CompareRowData@3e11f9e9]" started-at="2024-07-31T20:37:54 EDT" name="generateExtentReports" finished-at="2024-07-31T20:37:55 EDT" duration-ms="786" status="PASS">
          <reporter-output>
          </reporter-output>
        </test-method> <!-- generateExtentReports -->
      </class> <!-- Tests.CompareRowData -->
    </test> <!-- Test Compare Row Data -->
  </suite> <!-- Suite -->
</testng-results>
